  gxe_menu_event_process.c
  gxe_prompt_event_process.c
  gxe_string_scroll_wheel_event_process.c
  gxe_text_button_event_process.c
  gxe_text_scroll_wheel_event_process.c
  gxe_utility_bidi_paragraph_reorder.c
  gxe_utility_bidi_resolved_text_info_delete.c
  gx_display_driver_16bpp_rotated_block_move.c
  gx_display_driver_16bpp_rotated_canvas_copy.c
  gx_display_driver_16bpp_rotated_horizontal_line_draw.c
  gx_display_driver_16bpp_rotated_horizontal_pattern_line_draw.c
  gx_display_driver_16bpp_rotated_pixelmap_blend.c
  gx_display_driver_16bpp_rotated_pixelmap_draw.c
  gx_display_driver_16bpp_rotated_pixelmap_rotate.c
  gx_display_driver_16bpp_rotated_pixel_write.c
  gx_display_driver_16bpp_rotated_simple_line_draw.c
  gx_display_driver_16bpp_rotated_vertical_line_draw.c
  gx_display_driver_16bpp_rotated_vertical_pattern_line_draw.c
  gx_display_driver_565rgb_rotated_canvas_blend.c
  gx_display_driver_565rgb_rotated_glyph_1bit_draw.c
  gx_display_driver_565rgb_rotated_horizontal_pixelmap_line_draw.c
  gx_display_driver_565rgb_rotated_jpeg_draw.c
  gx_display_driver_565rgb_rotated_pixel_blend.c
  gx_display_driver_565rgb_rotated_png_draw.c
  gx_display_driver_565rgb_rotated_setup.c
  gx_display_driver_generic_rotated_alphamap_draw.c
  gx_display_driver_generic_rotated_arc_fill.c
  gx_display_driver_generic_rotated_circle_fill.c
  gx_display_driver_generic_rotated_ellipse_fill.c
  gx_display_driver_generic_rotated_glyph_4bit_draw.c
  gx_display_driver_generic_rotated_glyph_8bit_draw.c
  gx_display_driver_generic_rotated_pie_fill.c
  gx_display_driver_generic_rotated_polygon_fill.c
  gx_display_driver_generic_rotated_wide_line_fill.c
  gx_menu_event_process.c
  gx_prompt_event_process.c
  gx_string_scroll_wheel_event_process.c
  gx_text_button_event_process.c
  gx_text_scroll_wheel_dynamic_bidi_text_delete.c
  gx_text_scroll_wheel_event_process.c
  gx_utility_bidi_resolved_text_info_delete.c
  gxe_accordion_menu_create.c
  gxe_accordion_menu_event_process.c
  gxe_accordion_menu_position.c
  gxe_animation_canvas_define.c
  gxe_animation_create.c
  gxe_animation_drag_disable.c
  gxe_animation_drag_enable.c
  gxe_animation_landing_speed_set.c
  gxe_animation_start.c
  gxe_animation_stop.c
  gxe_binres_language_count_get.c
  gxe_binres_language_info_load.c
  gxe_binres_language_table_load.c
  gxe_binres_theme_load.c
  gxe_brush_default.c
  gxe_brush_define.c
  gxe_button_create.c
  gxe_button_deselect.c
  gxe_button_event_process.c
  gxe_button_select.c
  gxe_canvas_alpha_set.c
  gxe_canvas_arc_draw.c
  gxe_canvas_block_move.c
  gxe_canvas_circle_draw.c
  gxe_canvas_create.c
  gxe_canvas_delete.c
  gxe_canvas_drawing_complete.c
  gxe_canvas_drawing_initiate.c
  gxe_canvas_ellipse_draw.c
  gxe_canvas_hardware_layer_bind.c
  gxe_canvas_hide.c
  gxe_canvas_line_draw.c
  gxe_canvas_memory_define.c
  gxe_canvas_mouse_define.c
  gxe_canvas_mouse_hide.c
  gxe_canvas_mouse_show.c
  gxe_canvas_offset_set.c
  gxe_canvas_pie_draw.c
  gxe_canvas_pixelmap_draw.c
  gxe_canvas_pixelmap_get.c
  gxe_canvas_pixelmap_rotate.c
  gxe_canvas_pixelmap_blend.c
  gxe_canvas_pixelmap_tile.c
  gxe_canvas_pixel_draw.c
  gxe_canvas_polygon_draw.c
  gxe_canvas_rectangle_draw.c
  gxe_canvas_rotated_text_draw.c
  gxe_canvas_shift.c
  gxe_canvas_show.c
  gxe_canvas_text_draw.c
  gxe_checkbox_create.c
  gxe_checkbox_event_process.c
  gxe_checkbox_pixelmap_set.c
  gxe_checkbox_select.c
  gxe_circular_gauge_angle_get.c
  gxe_circular_gauge_angle_set.c
  gxe_circular_gauge_animation_set.c
  gxe_circular_gauge_create.c
  gxe_circular_gauge_event_process.c
  gxe_context_brush_default.c
  gxe_context_brush_define.c
  gxe_context_brush_get.c
  gxe_context_brush_pattern_set.c
  gxe_context_brush_set.c
  gxe_context_brush_style_set.c
  gxe_context_brush_width_set.c
  gxe_context_color_get.c
  gxe_context_fill_color_set.c
  gxe_context_font_get.c
  gxe_context_font_set.c
  gxe_context_line_color_set.c
  gxe_context_pixelmap_get.c
  gxe_context_pixelmap_set.c
  gxe_context_raw_brush_define.c
  gxe_context_raw_fill_color_set.c
  gxe_context_raw_line_color_set.c
  gxe_context_string_get.c
  gxe_display_active_language_set.c
  gxe_display_color_set.c
  gxe_display_color_table_set.c
  gxe_display_create.c
  gxe_display_delete.c
  gxe_display_font_table_set.c
  gxe_display_language_table_get.c
  gxe_display_language_table_set.c
  gxe_display_pixelmap_table_set.c
  gxe_display_string_get.c
  gxe_display_string_table_get.c
  gxe_display_theme_install.c
  gxe_drop_list_close.c
  gxe_drop_list_create.c
  gxe_drop_list_event_process.c
  gxe_drop_list_open.c
  gxe_drop_list_pixelmap_set.c
  gxe_drop_list_popup_get.c
  gxe_horizontal_list_children_position.c
  gxe_horizontal_list_create.c
  gxe_horizontal_list_event_process.c
  gxe_horizontal_list_page_index_set.c
  gxe_horizontal_list_selected_index_get.c
  gxe_horizontal_list_selected_set.c
  gxe_horizontal_list_selected_widget_get.c
  gxe_horizontal_list_total_columns_set.c
  gxe_horizontal_scrollbar_create.c
  gxe_icon_button_create.c
  gxe_icon_button_pixelmap_set.c
  gxe_icon_create.c
  gxe_icon_event_process.c
  gxe_icon_pixelmap_set.c
  gxe_image_reader_create.c
  gxe_image_reader_palette_set.c
  gxe_image_reader_start.c
  gxe_line_chart_create.c
  gxe_line_chart_update.c
  gxe_line_chart_y_scale_calculate.c
  gxe_menu_create.c
  gxe_menu_insert.c
  gxe_menu_remove.c
  gxe_menu_text_offset_set.c
  gxe_multi_line_text_button_create.c
  gxe_multi_line_text_button_event_process.c
  gxe_multi_line_text_button_text_id_set.c
  gxe_multi_line_text_button_text_set.c
  gxe_multi_line_text_input_backspace.c
  gxe_multi_line_text_input_buffer_clear.c
  gxe_multi_line_text_input_buffer_get.c
  gxe_multi_line_text_input_char_insert.c
  gxe_multi_line_text_input_create.c
  gxe_multi_line_text_input_cursor_pos_get.c
  gxe_multi_line_text_input_delete.c
  gxe_multi_line_text_input_down_arrow.c
  gxe_multi_line_text_input_end.c
  gxe_multi_line_text_input_event_process.c
  gxe_multi_line_text_input_fill_color_set.c
  gxe_multi_line_text_input_home.c
  gxe_multi_line_text_input_left_arrow.c
  gxe_multi_line_text_input_right_arrow.c
  gxe_multi_line_text_input_text_select.c
  gxe_multi_line_text_input_text_set.c
  gxe_multi_line_text_input_style_add.c
  gxe_multi_line_text_input_style_remove.c
  gxe_multi_line_text_input_style_set.c
  gxe_multi_line_text_input_text_color_set.c
  gxe_multi_line_text_input_up_arrow.c
  gxe_multi_line_text_view_create.c
  gxe_multi_line_text_view_event_process.c
  gxe_multi_line_text_view_font_set.c
  gxe_multi_line_text_view_line_space_set.c
  gxe_multi_line_text_view_scroll_info_get.c
  gxe_multi_line_text_view_text_color_set.c
  gxe_multi_line_text_view_text_id_set.c
  gxe_multi_line_text_view_text_set.c
  gxe_multi_line_text_view_whitespace_set.c
  gxe_numeric_pixelmap_prompt_create.c
  gxe_numeric_pixelmap_prompt_format_function_set.c
  gxe_numeric_pixelmap_prompt_value_set.c
  gxe_numeric_prompt_create.c
  gxe_numeric_prompt_format_function_set.c
  gxe_numeric_prompt_value_set.c
  gxe_numeric_scroll_wheel_create.c
  gxe_numeric_scroll_wheel_range_set.c
  gxe_pixelmap_button_create.c
  gxe_pixelmap_button_event_process.c
  gxe_pixelmap_button_pixelmap_set.c
  gxe_pixelmap_prompt_create.c
  gxe_pixelmap_prompt_pixelmap_set.c
  gxe_pixelmap_slider_create.c
  gxe_pixelmap_slider_event_process.c
  gxe_pixelmap_slider_pixelmap_set.c
  gxe_progress_bar_create.c
  gxe_progress_bar_event_process.c
  gxe_progress_bar_font_set.c
  gxe_progress_bar_info_set.c
  gxe_progress_bar_pixelmap_set.c
  gxe_progress_bar_range_set.c
  gxe_progress_bar_text_color_set.c
  gxe_progress_bar_value_set.c
  gxe_prompt_create.c
  gxe_prompt_font_set.c
  gxe_prompt_text_color_set.c
  gxe_prompt_text_get.c
  gxe_prompt_text_id_set.c
  gxe_prompt_text_set.c
  gxe_radial_progress_bar_anchor_set.c
  gxe_radial_progress_bar_create.c
  gxe_radial_progress_bar_event_process.c
  gxe_radial_progress_bar_font_set.c
  gxe_radial_progress_bar_info_set.c
  gxe_radial_progress_bar_text_color_set.c
  gxe_radial_progress_bar_value_set.c
  gxe_radial_slider_anchor_angles_set.c
  gxe_radial_slider_angle_set.c
  gxe_radial_slider_animation_set.c
  gxe_radial_slider_animation_start.c
  gxe_radial_slider_create.c
  gxe_radial_slider_event_process.c
  gxe_radial_slider_info_get.c
  gxe_radial_slider_info_set.c
  gxe_radial_slider_pixelmap_set.c
  gxe_radio_button_create.c
  gxe_radio_button_pixelmap_set.c
  gxe_rich_text_view_create.c
  gxe_rich_text_view_fonts_set.c
  gxe_screen_stack_create.c
  gxe_screen_stack_pop.c
  gxe_screen_stack_push.c
  gxe_screen_stack_reset.c
  gxe_scrollbar_event_process.c
  gxe_scrollbar_limit_check.c
  gxe_scrollbar_reset.c
  gxe_scrollbar_value_set.c
  gxe_scroll_thumb_create.c
  gxe_scroll_thumb_event_process.c
  gxe_scroll_wheel_create.c
  gxe_scroll_wheel_event_process.c
  gxe_scroll_wheel_gradient_alpha_set.c
  gxe_scroll_wheel_row_height_set.c
  gxe_scroll_wheel_selected_background_set.c
  gxe_scroll_wheel_selected_get.c
  gxe_scroll_wheel_selected_set.c
  gxe_scroll_wheel_speed_set.c
  gxe_scroll_wheel_total_rows_set.c
  gxe_single_line_text_input_backspace.c
  gxe_single_line_text_input_buffer_clear.c
  gxe_single_line_text_input_buffer_get.c
  gxe_single_line_text_input_character_delete.c
  gxe_single_line_text_input_character_insert.c
  gxe_single_line_text_input_create.c
  gxe_single_line_text_input_draw_position_get.c
  gxe_single_line_text_input_end.c
  gxe_single_line_text_input_event_process.c
  gxe_single_line_text_input_fill_color_set.c
  gxe_single_line_text_input_home.c
  gxe_single_line_text_input_left_arrow.c
  gxe_single_line_text_input_position_get.c
  gxe_single_line_text_input_right_arrow.c
  gxe_single_line_text_input_style_add.c
  gxe_single_line_text_input_style_remove.c
  gxe_single_line_text_input_style_set.c
  gxe_single_line_text_input_text_color_set.c
  gxe_single_line_text_input_text_select.c
  gxe_single_line_text_input_text_set.c
  gxe_slider_create.c
  gxe_slider_event_process.c
  gxe_slider_info_set.c
  gxe_slider_needle_position_get.c
  gxe_slider_travel_get.c
  gxe_slider_value_calculate.c
  gxe_slider_value_set.c
  gxe_sprite_create.c
  gxe_sprite_current_frame_set.c
  gxe_sprite_frame_list_set.c
  gxe_sprite_start.c
  gxe_sprite_stop.c
  gxe_string_scroll_wheel_create.c
  gxe_string_scroll_wheel_string_id_list_set.c
  gxe_string_scroll_wheel_string_list_set.c
  gxe_system_active_language_set.c
  gxe_system_animation_free.c
  gxe_system_animation_get.c
  gxe_system_canvas_refresh.c
  gxe_system_dirty_mark.c
  gxe_system_dirty_partial_add.c
  gxe_system_draw_context_get.c
  gxe_system_event_fold.c
  gxe_system_event_send.c
  gxe_system_focus_claim.c
  gxe_system_initialize.c
  gxe_system_language_table_get.c
  gxe_system_language_table_set.c
  gxe_system_memory_allocator_set.c
  gxe_system_pen_configure.c
  gxe_system_screen_stack_create.c
  gxe_system_screen_stack_get.c
  gxe_system_screen_stack_pop.c
  gxe_system_screen_stack_push.c
  gxe_system_scroll_appearance_get.c
  gxe_system_scroll_appearance_set.c
  gxe_system_start.c
  gxe_system_string_get.c
  gxe_system_string_table_get.c
  gxe_system_string_width_get.c
  gxe_system_timer_start.c
  gxe_system_timer_stop.c
  gxe_system_version_string_get.c
  gxe_system_widget_find.c
  gxe_text_button_create.c
  gxe_text_button_font_set.c
  gxe_text_button_text_color_set.c
  gxe_text_button_text_get.c
  gxe_text_button_text_id_set.c
  gxe_text_button_text_set.c
  gxe_text_input_cursor_blink_interval_set.c
  gxe_text_input_cursor_height_set.c
  gxe_text_input_cursor_width_set.c
  gxe_text_scroll_wheel_callback_set.c
  gxe_text_scroll_wheel_create.c
  gxe_text_scroll_wheel_font_set.c
  gxe_text_scroll_wheel_text_color_set.c
  gxe_tree_view_root_line_color_set.c
  gxe_tree_view_selected_get.c
  gxe_tree_view_selected_set.c
  gxe_utility_canvas_to_bmp.c
  gxe_utility_circle_point_get.c
  gxe_utility_gradient_create.c
  gxe_utility_gradient_delete.c
  gxe_tree_view_create.c
  gxe_tree_view_event_process.c
  gxe_tree_view_indentation_set.c
  gxe_tree_view_position.c
  gxe_tree_view_root_pixelmap_set.c
  gxe_utility_ltoa.c
  gxe_utility_pixelmap_rotate.c
  gxe_utility_pixelmap_resize.c
  gxe_utility_pixelmap_simple_rotate.c
  gxe_utility_rectangle_center.c
  gxe_utility_rectangle_center_find.c
  gxe_utility_rectangle_combine.c
  gxe_utility_rectangle_compare.c
  gxe_utility_rectangle_define.c
  gxe_utility_rectangle_overlap_detect.c
  gxe_utility_rectangle_point_detect.c
  gxe_utility_rectangle_resize.c
  gxe_utility_rectangle_shift.c
  gxe_utility_string_to_alphamap.c
  gxe_vertical_list_children_position.c
  gxe_vertical_list_create.c
  gxe_vertical_list_event_process.c
  gxe_vertical_list_page_index_set.c
  gxe_vertical_list_selected_index_get.c
  gxe_vertical_list_selected_set.c
  gxe_vertical_list_selected_widget_get.c
  gxe_vertical_list_total_rows_set.c
  gxe_vertical_scrollbar_create.c
  gxe_widget_allocate.c
  gxe_widget_attach.c
  gxe_widget_back_attach.c
  gxe_widget_back_move.c
  gxe_widget_block_move.c
  gxe_widget_border_style_set.c
  gxe_widget_border_width_get.c
  gxe_widget_canvas_get.c
  gxe_widget_child_detect.c
  gxe_widget_client_get.c
  gxe_widget_color_get.c
  gxe_widget_create.c
  gxe_widget_created_test.c
  gxe_widget_delete.c
  gxe_widget_detach.c
  gxe_widget_draw_set.c
  gxe_widget_event_generate.c
  gxe_widget_event_process.c
  gxe_widget_event_process_set.c
  gxe_widget_event_to_parent.c
  gxe_widget_fill_color_set.c
  gxe_widget_find.c
  gxe_widget_first_child_get.c
  gxe_widget_focus_next.c
  gxe_widget_focus_previous.c
  gxe_widget_font_get.c
  gxe_widget_free.c
  gxe_widget_front_move.c
  gxe_widget_height_get.c
  gxe_widget_hide.c
  gxe_widget_last_child_get.c
  gxe_widget_next_sibling_get.c
  gxe_widget_parent_get.c
  gxe_widget_pixelmap_get.c
  gxe_widget_previous_sibling_get.c
  gxe_widget_resize.c
  gxe_widget_shift.c
  gxe_widget_show.c
  gxe_widget_status_add.c
  gxe_widget_status_get.c
  gxe_widget_status_remove.c
  gxe_widget_status_test.c
  gxe_widget_string_get.c
  gxe_widget_style_add.c
  gxe_widget_style_get.c
  gxe_widget_style_remove.c
  gxe_widget_style_set.c
  gxe_widget_text_blend.c
  gxe_widget_top_visible_child_find.c
  gxe_widget_type_find.c
  gxe_widget_width_get.c
  gxe_window_client_height_get.c
  gxe_window_client_scroll.c
  gxe_window_client_width_get.c
  gxe_window_close.c
  gxe_window_create.c
  gxe_window_event_process.c
  gxe_window_execute.c
  gxe_window_root_create.c
  gxe_window_root_delete.c
  gxe_window_root_event_process.c
  gxe_window_root_find.c
  gxe_window_scrollbar_find.c
  gxe_window_scroll_info_get.c
  gxe_window_wallpaper_get.c
  gxe_window_wallpaper_set.c
  gx_accordion_menu_create.c
  gx_accordion_menu_draw.c
  gx_accordion_menu_event_process.c
  gx_accordion_menu_position.c
  gx_animation_canvas_define.c
  gx_animation_complete.c
  gx_animation_create.c
  gx_animation_drag_disable.c
  gx_animation_drag_enable.c
  gx_animation_drag_event_process.c
  gx_animation_drag_tracking.c
  gx_animation_drag_tracking_start.c
  gx_animation_slide_landing.c
  gx_animation_landing_speed_set.c
  gx_animation_slide_landing_start.c
  gx_animation_start.c
  gx_animation_stop.c
  gx_animation_update.c
  gx_binres_language_count_get.c
  gx_binres_language_info_load.c
  gx_binres_language_table_load.c
  gx_binres_theme_load.c
  gx_brush_default.c
  gx_brush_define.c
  gx_button_background_draw.c
  gx_button_create.c
  gx_button_deselect.c
  gx_button_draw.c
  gx_button_event_process.c
  gx_button_select.c
  gx_button_siblings_deselect.c
  gx_canvas_alpha_set.c
  gx_canvas_arc_draw.c
  gx_canvas_block_move.c
  gx_canvas_circle_draw.c
  gx_canvas_composite_create.c
  gx_canvas_create.c
  gx_canvas_delete.c
  gx_canvas_dirty_mark.c
  gx_canvas_drawing_complete.c
  gx_canvas_drawing_initiate.c
  gx_canvas_ellipse_draw.c
  gx_canvas_glyphs_draw.c
  gx_canvas_hardware_layer_bind.c
  gx_canvas_hide.c
  gx_canvas_line_draw.c
  gx_canvas_memory_define.c
  gx_canvas_mouse_define.c
  gx_canvas_mouse_hide.c
  gx_canvas_mouse_show.c
  gx_canvas_offset_set.c
  gx_canvas_pie_draw.c
  gx_canvas_pixelmap_blend.c
  gx_canvas_pixelmap_draw.c
  gx_canvas_pixelmap_get.c
  gx_canvas_pixelmap_rotate.c
  gx_canvas_pixelmap_tile.c
  gx_canvas_pixel_draw.c
  gx_canvas_polygon_draw.c
  gx_canvas_rectangle_draw.c
  gx_canvas_rotated_text_draw.c
  gx_canvas_shift.c
  gx_canvas_show.c
  gx_canvas_text_draw.c
  gx_checkbox_create.c
  gx_checkbox_draw.c
  gx_checkbox_event_process.c
  gx_checkbox_pixelmap_set.c
  gx_checkbox_select.c
  gx_circular_gauge_angle_get.c
  gx_circular_gauge_animation_set.c
  gx_circular_gauge_angle_set.c
  gx_circular_gauge_background_draw.c
  gx_circular_gauge_create.c
  gx_circular_gauge_draw.c
  gx_circular_gauge_event_process.c
  gx_circular_gauge_angle_increment_calculate.c
  gx_circular_gauge_needle_dirty_mark.c
  gx_circular_gauge_needle_rectangle_calculate.c
  gx_circular_gauge_needle_rotate.c
  gx_context_brush_default.c
  gx_context_brush_define.c
  gx_context_brush_get.c
  gx_context_brush_pattern_set.c
  gx_context_brush_set.c
  gx_context_brush_style_set.c
  gx_context_brush_width_set.c
  gx_context_color_get.c
  gx_context_fill_color_set.c
  gx_context_font_get.c
  gx_context_font_set.c
  gx_context_line_color_set.c
  gx_context_pixelmap_get.c
  gx_context_pixelmap_set.c
  gx_context_raw_brush_define.c
  gx_context_raw_fill_color_set.c
  gx_context_raw_line_color_set.c
  gx_context_string_get.c
  gx_display_active_language_set.c
  gx_display_canvas_dirty.c
  gx_display_color_set.c
  gx_display_color_table_set.c
  gx_display_create.c
  gx_display_delete.c
  gx_display_driver_1555xrgb_canvas_blend.c
  gx_display_driver_1555xrgb_jpeg_draw.c
  gx_display_driver_1555xrgb_native_color_get.c
  gx_display_driver_1555xrgb_pixelmap_rotate.c
  gx_display_driver_1555xrgb_pixel_blend.c
  gx_display_driver_1555xrgb_png_draw.c
  gx_display_driver_1555xrgb_setup.c
  gx_display_driver_16bpp_block_move.c
  gx_display_driver_16bpp_canvas_copy.c
  gx_display_driver_16bpp_horizontal_line_draw.c
  gx_display_driver_16bpp_horizontal_pattern_line_draw.c
  gx_display_driver_1bpp_horizontal_pixelmap_line_draw.c
  gx_display_driver_1bpp_pixelmap_rotate.c
  gx_display_driver_16bpp_mouse_capture.c
  gx_display_driver_16bpp_mouse_restore.c
  gx_display_driver_1bpp_mouse_capture.c
  gx_display_driver_1bpp_mouse_restore.c
  gx_display_driver_24xrgb_jpeg_draw.c
  gx_display_driver_24xrgb_mouse_capture.c
  gx_display_driver_24xrgb_mouse_restore.c
  gx_display_driver_24xrgb_png_draw.c
  gx_display_driver_332rgb_native_color_get.c
  gx_display_driver_332rgb_pixelmap_draw.c
  gx_display_driver_332rgb_pixelmap_rotate.c
  gx_display_driver_332rgb_pixel_blend.c
  gx_display_driver_332rgb_setup.c
  gx_display_driver_4444argb_canvas_blend.c
  gx_display_driver_4444argb_native_color_get.c
  gx_display_driver_4444argb_pixelmap_rotate.c
  gx_display_driver_4bpp_block_move.c
  gx_display_driver_4bpp_canvas_copy.c
  gx_display_driver_4bpp_glyph_1bit_draw.c
  gx_display_driver_4bpp_glyph_4bit_draw.c
  gx_display_driver_4bpp_grayscale_setup.c
  gx_display_driver_4bpp_horizontal_line_draw.c
  gx_display_driver_4bpp_horizontal_pattern_line_draw.c
  gx_display_driver_4bpp_horizontal_pixelmap_line_draw.c
  gx_display_driver_4bpp_mouse_capture.c
  gx_display_driver_4bpp_mouse_restore.c
  gx_display_driver_4bpp_native_color_get.c
  gx_display_driver_4bpp_pixelmap_draw.c
  gx_display_driver_4bpp_pixelmap_rotate.c
  gx_display_driver_4bpp_pixel_write.c
  gx_display_driver_4bpp_row_pitch_get.c
  gx_display_driver_4bpp_simple_line_draw.c
  gx_display_driver_4bpp_vertical_line_draw.c
  gx_display_driver_4bpp_vertical_pattern_line_draw.c
  gx_display_driver_565rgb_horizontal_pixelmap_line_draw.c
  gx_display_driver_565rgb_jpeg_draw.c
  gx_display_driver_16bpp_pixelmap_draw.c
  gx_display_driver_16bpp_pixelmap_rotate.c
  gx_display_driver_16bpp_pixel_write.c
  gx_display_driver_16bpp_row_pitch_get.c
  gx_display_driver_16bpp_simple_line_draw.c
  gx_display_driver_16bpp_vertical_line_draw.c
  gx_display_driver_16bpp_vertical_pattern_line_draw.c
  gx_display_driver_1bpp_block_move.c
  gx_display_driver_1bpp_canvas_copy.c
  gx_display_driver_1bpp_glyph_1bpp_draw.c
  gx_display_driver_1bpp_horizontal_line_draw.c
  gx_display_driver_1bpp_horizontal_pattern_line_draw.c
  gx_display_driver_1bpp_native_color_get.c
  gx_display_driver_1bpp_pixelmap_draw.c
  gx_display_driver_1bpp_pixel_write.c
  gx_display_driver_1bpp_row_pitch_get.c
  gx_display_driver_1bpp_simple_line_draw.c
  gx_display_driver_1bpp_vertical_line_draw.c
  gx_display_driver_1bpp_vertical_pattern_line_draw.c
  gx_display_driver_24xrgb_canvas_blend.c
  gx_display_driver_24xrgb_native_color_get.c
  gx_display_driver_24xrgb_pixelmap_blend.c
  gx_display_driver_24xrgb_pixel_blend.c
  gx_display_driver_24xrgb_setup.c
  gx_display_driver_32argb_native_color_get.c
  gx_display_driver_32argb_pixelmap_blend.c
  gx_display_driver_32argb_pixelmap_draw.c
  gx_display_driver_32argb_pixel_blend.c
  gx_display_driver_32argb_setup.c
  gx_display_driver_32bpp_block_move.c
  gx_display_driver_32bpp_canvas_copy.c
  gx_display_driver_32bpp_glyph_1bit_draw.c
  gx_display_driver_32bpp_horizontal_line_draw.c
  gx_display_driver_32bpp_horizontal_pattern_line_draw.c
  gx_display_driver_32bpp_horizontal_pixelmap_line_draw.c
  gx_display_driver_32bpp_pixelmap_draw.c
  gx_display_driver_32bpp_pixelmap_rotate.c
  gx_display_driver_32bpp_pixel_write.c
  gx_display_driver_32bpp_row_pitch_get.c
  gx_display_driver_32bpp_simple_line_draw.c
  gx_display_driver_32bpp_vertical_line_draw.c
  gx_display_driver_32bpp_vertical_pattern_line_draw.c
  gx_display_driver_4444argb_horizontal_pixelmap_line_draw.c
  gx_display_driver_4444argb_pixelmap_draw.c
  gx_display_driver_4444argb_pixel_blend.c
  gx_display_driver_4444argb_setup.c
  gx_display_driver_565rgb_canvas_blend.c
  gx_display_driver_565rgb_glyph_1bit_draw.c
  gx_display_driver_565rgb_native_color_get.c
  gx_display_driver_16bpp_pixelmap_blend.c
  gx_display_driver_565rgb_pixel_blend.c
  gx_display_driver_565rgb_png_draw.c
  gx_display_driver_565rgb_setup.c
  gx_display_driver_8bit_palette_native_color_get.c
  gx_display_driver_8bit_palette_setup.c
  gx_display_driver_8bpp_block_move.c
  gx_display_driver_8bpp_canvas_copy.c
  gx_display_driver_8bpp_glyph_1bit_draw.c
  gx_display_driver_8bpp_glyph_3bit_draw.c
  gx_display_driver_8bpp_glyph_4bit_draw.c
  gx_display_driver_8bpp_horizontal_line_draw.c
  gx_display_driver_8bpp_horizontal_pattern_line_draw.c
  gx_display_driver_8bpp_horizontal_pixelmap_line_draw.c
  gx_display_driver_8bpp_mouse_capture.c
  gx_display_driver_8bpp_mouse_restore.c
  gx_display_driver_8bpp_pixelmap_blend.c
  gx_display_driver_8bpp_pixelmap_draw.c
  gx_display_driver_8bpp_pixelmap_rotate.c
  gx_display_driver_8bpp_pixel_write.c
  gx_display_driver_8bpp_row_pitch_get.c
  gx_display_driver_8bpp_simple_line_draw.c
  gx_display_driver_8bpp_vertical_line_draw.c
  gx_display_driver_8bpp_vertical_pattern_line_draw.c
  gx_display_driver_arc_clipping_get.c
  gx_display_driver_generic_aliased_arc_draw.c
  gx_display_driver_generic_aliased_circle_draw.c
  gx_display_driver_generic_aliased_ellipse_draw.c
  gx_display_driver_generic_aliased_filled_circle_draw.c
  gx_display_driver_generic_aliased_fixed_point_line_draw.c
  gx_display_driver_generic_aliased_line_draw.c
  gx_display_driver_generic_aliased_wide_arc_draw.c
  gx_display_driver_generic_aliased_wide_circle_draw.c
  gx_display_driver_generic_aliased_wide_ellipse_draw.c
  gx_display_driver_generic_aliased_wide_line_draw.c
  gx_display_driver_generic_alphamap_draw.c
  gx_display_driver_generic_arc_draw.c
  gx_display_driver_generic_arc_fill.c
  gx_display_driver_generic_circle_draw.c
  gx_display_driver_generic_circle_fill.c
  gx_display_driver_generic_drawing_complete.c
  gx_display_driver_generic_drawing_initiate.c
  gx_display_driver_generic_ellipse_draw.c
  gx_display_driver_generic_ellipse_fill.c
  gx_display_driver_generic_filled_circle_draw.c
  gx_display_driver_generic_glyph_4bpp_draw.c
  gx_display_driver_generic_glyph_8bpp_draw.c
  gx_display_driver_generic_mouse_cursor_define.c
  gx_display_driver_generic_mouse_draw.c
  gx_display_driver_generic_mouse_enable.c
  gx_display_driver_generic_mouse_position_set.c
  gx_display_driver_generic_pie_fill.c
  gx_display_driver_generic_polygon_draw.c
  gx_display_driver_generic_polygon_fill.c
  gx_display_driver_generic_simple_pie_fill.c
  gx_display_driver_generic_simple_wide_line_draw.c
  gx_display_driver_generic_wide_arc_draw.c
  gx_display_driver_generic_wide_circle_draw.c
  gx_display_driver_generic_wide_ellipse_draw.c
  gx_display_driver_generic_wide_line_fill.c
  gx_display_driver_generic_wide_line_points_calculate.c
  gx_display_driver_horizontal_line_alpha_draw.c
  gx_display_driver_monochrome_setup.c
  gx_display_driver_simple_line_alpha_draw.c
  gx_display_driver_vertical_line_alpha_draw.c
  gx_display_font_table_set.c
  gx_display_language_table_get.c
  gx_display_language_table_set.c
  gx_display_pixelmap_table_set.c
  gx_display_string_get.c
  gx_display_string_table_get.c
  gx_drop_list_background_draw.c
  gx_display_theme_install.c
  gx_drop_list_close.c
  gx_drop_list_create.c
  gx_drop_list_draw.c
  gx_drop_list_event_process.c
  gx_drop_list_open.c
  gx_drop_list_pixelmap_set.c
  gx_drop_list_popup_get.c
  gx_horizontal_list_children_position.c
  gx_horizontal_list_create.c
  gx_horizontal_list_event_process.c
  gx_horizontal_list_left_wrap.c
  gx_horizontal_list_page_index_set.c
  gx_horizontal_list_right_wrap.c
  gx_horizontal_list_scroll.c
  gx_horizontal_list_scroll_info_get.c
  gx_horizontal_list_selected_index_get.c
  gx_horizontal_list_selected_set.c
  gx_horizontal_list_selected_visible.c
  gx_horizontal_list_selected_widget_get.c
  gx_horizontal_list_slide_back_check.c
  gx_horizontal_list_total_columns_set.c
  gx_horizontal_scrollbar_create.c
  gx_icon_background_draw.c
  gx_icon_button_create.c
  gx_icon_button_draw.c
  gx_icon_button_pixelmap_set.c
  gx_icon_create.c
  gx_icon_draw.c
  gx_icon_event_process.c
  gx_icon_pixelmap_set.c
  gx_icon_pixelmap_update.c
  gx_image_reader_colorspace_convert.c
  gx_image_reader_create.c
  gx_image_reader_image_decode.c
  gx_image_reader_jpeg_decode.c
  gx_image_reader_nearest_palette_color_get.c
  gx_image_reader_palette_set.c
  gx_image_reader_pixel_read_callback_set.c
  gx_image_reader_pixel_write_callback_set.c
  gx_image_reader_png_decode.c
  gx_image_reader_rle_encode.c
  gx_image_reader_start.c
  gx_line_chart_axis_draw.c
  gx_line_chart_create.c
  gx_line_chart_data_draw.c
  gx_line_chart_draw.c
  gx_line_chart_update.c
  gx_line_chart_y_scale_calculate.c
  gx_menu_create.c
  gx_menu_draw.c
  gx_menu_insert.c
  gx_menu_position.c
  gx_menu_remove.c
  gx_menu_text_draw.c
  gx_menu_text_offset_set.c
  gx_monochrome_driver_disabled_button_line_draw.c
  gx_multi_line_text_button_create.c
  gx_multi_line_text_button_draw.c
  gx_multi_line_text_button_event_process.c
  gx_multi_line_text_button_line_pointers_set.c
  gx_multi_line_text_button_text_draw.c
  gx_multi_line_text_button_text_id_set.c
  gx_multi_line_text_button_text_set.c
  gx_multi_line_text_input_backspace.c
  gx_multi_line_text_input_buffer_clear.c
  gx_multi_line_text_input_buffer_get.c
  gx_multi_line_text_input_char_insert.c
  gx_multi_line_text_input_copy.c
  gx_multi_line_text_input_create.c
  gx_multi_line_text_input_cursor_pos_get.c
  gx_multi_line_text_input_cursor_pos_update.c
  gx_multi_line_text_input_char_remove.c
  gx_multi_line_text_input_cursor_visible.c
  gx_multi_line_text_input_cut.c
  gx_multi_line_text_input_delete.c
  gx_multi_line_text_input_down_arrow.c
  gx_multi_line_text_input_draw.c
  gx_multi_line_text_input_end.c
  gx_multi_line_text_input_event_process.c
  gx_multi_line_text_input_fill_color_set.c
  gx_multi_line_text_input_highlight_rectangle_get.c
  gx_multi_line_text_input_home.c
  gx_multi_line_text_input_cursor_pos_calculate.c
  gx_multi_line_text_input_keydown_process.c
  gx_multi_line_text_input_left_arrow.c
  gx_multi_line_text_input_mark_down.c
  gx_multi_line_text_input_mark_end.c
  gx_multi_line_text_input_mark_home.c
  gx_multi_line_text_input_mark_next.c
  gx_multi_line_text_input_mark_previous.c
  gx_multi_line_text_input_mark_up.c
  gx_multi_line_text_input_paste.c
  gx_multi_line_text_input_right_arrow.c
  gx_multi_line_text_input_style_add.c
  gx_multi_line_text_input_style_remove.c
  gx_multi_line_text_input_style_set.c
  gx_multi_line_text_input_text_color_set.c
  gx_multi_line_text_input_text_rectangle_get.c
  gx_multi_line_text_input_text_select.c
  gx_multi_line_text_input_text_set.c
  gx_multi_line_text_input_up_arrow.c
  gx_multi_line_text_view_create.c
  gx_multi_line_text_view_draw.c
  gx_multi_line_text_view_event_process.c
  gx_multi_line_text_view_font_set.c
  gx_multi_line_text_view_line_cache_update.c
  gx_multi_line_text_view_line_space_set.c
  gx_multi_line_text_view_scroll.c
  gx_multi_line_text_view_scroll_info_get.c
  gx_multi_line_text_view_string_total_rows_compute.c
  gx_multi_line_text_view_text_color_set.c
  gx_multi_line_text_view_text_draw.c
  gx_multi_line_text_view_text_id_set.c
  gx_multi_line_text_view_text_set.c
  gx_multi_line_text_view_display_info_get.c
  gx_multi_line_text_view_visible_rows_compute.c
  gx_multi_line_text_view_whitespace_set.c
  gx_numeric_pixelmap_prompt_create.c
  gx_numeric_pixelmap_prompt_format.c
  gx_numeric_pixelmap_prompt_format_function_set.c
  gx_numeric_pixelmap_prompt_value_set.c
  gx_numeric_prompt_create.c
  gx_numeric_prompt_format.c
  gx_numeric_prompt_format_function_set.c
  gx_numeric_prompt_value_set.c
  gx_numeric_scroll_wheel_create.c
  gx_numeric_scroll_wheel_range_set.c
  gx_numeric_scroll_wheel_text_get.c
  gx_pixelmap_button_create.c
  gx_pixelmap_button_draw.c
  gx_pixelmap_button_event_process.c
  gx_pixelmap_button_pixelmap_set.c
  gx_pixelmap_button_transparent_detect.c
  gx_pixelmap_prompt_background_draw.c
  gx_pixelmap_prompt_create.c
  gx_pixelmap_prompt_draw.c
  gx_pixelmap_prompt_pixelmap_set.c
  gx_pixelmap_slider_create.c
  gx_pixelmap_slider_draw.c
  gx_pixelmap_slider_event_process.c
  gx_pixelmap_slider_pixelmap_set.c
  gx_pixelmap_slider_pixelmap_update.c
  gx_popup_list_event_process.c
  gx_progress_bar_background_draw.c
  gx_progress_bar_create.c
  gx_progress_bar_draw.c
  gx_progress_bar_event_process.c
  gx_progress_bar_font_set.c
  gx_progress_bar_info_set.c
  gx_progress_bar_pixelmap_set.c
  gx_progress_bar_range_set.c
  gx_progress_bar_text_color_set.c
  gx_progress_bar_text_draw.c
  gx_progress_bar_value_set.c
  gx_prompt_create.c
  gx_prompt_draw.c
  gx_prompt_font_set.c
  gx_prompt_text_color_set.c
  gx_prompt_text_draw.c
  gx_prompt_text_get.c
  gx_prompt_text_id_set.c
  gx_prompt_text_set.c
  gx_radial_progress_bar_anchor_set.c
  gx_radial_progress_bar_background_draw.c
  gx_radial_progress_bar_create.c
  gx_radial_progress_bar_draw.c
  gx_radial_progress_bar_event_process.c
  gx_radial_progress_bar_font_set.c
  gx_radial_progress_bar_info_set.c
  gx_radial_progress_bar_resize.c
  gx_radial_progress_bar_size_update.c
  gx_radial_progress_bar_text_color_set.c
  gx_radial_progress_bar_text_draw.c
  gx_radial_progress_bar_value_calculate.c
  gx_radial_progress_bar_value_set.c
  gx_radial_slider_anchor_angles_set.c
  gx_radial_slider_anchor_angle_calculate.c
  gx_radial_slider_angle_calculate.c
  gx_radial_slider_angle_set.c
  gx_radial_slider_animation_set.c
  gx_radial_slider_animation_start.c
  gx_radial_slider_animation_update.c
  gx_radial_slider_create.c
  gx_radial_slider_draw.c
  gx_radial_slider_event_process.c
  gx_radial_slider_info_get.c
  gx_radial_slider_info_set.c
  gx_radial_slider_needle_rectangle_calculate.c
  gx_radial_slider_pixelmap_set.c
  gx_radio_button_create.c
  gx_radio_button_draw.c
  gx_radio_button_pixelmap_set.c
  gx_rich_text_view_context_peek.c
  gx_rich_text_view_context_pop.c
  gx_rich_text_view_context_push.c
  gx_rich_text_view_context_reset.c
  gx_rich_text_view_context_restore.c
  gx_rich_text_view_context_save.c
  gx_rich_text_view_create.c
  gx_rich_text_view_draw.c
  gx_rich_text_view_fonts_set.c
  gx_rich_text_view_line_info_get.c
  gx_rich_text_view_scroll_info_get.c
  gx_rich_text_view_tag_enter.c
  gx_rich_text_view_text_draw.c
  gx_rich_text_view_text_total_height_calculate.c
  gx_scrollbar_value_set.c
  gx_scroll_wheel_gradient_create.c
  gx_screen_stack_create.c
  gx_screen_stack_pop.c
  gx_screen_stack_push.c
  gx_screen_stack_reset.c
  gx_scrollbar_draw.c
  gx_scrollbar_event_process.c
  gx_scrollbar_limit_check.c
  gx_scrollbar_reset.c
  gx_scrollbar_size_update.c
  gx_scrollbar_thumb_position_calculate.c
  gx_scrollbar_value_calculate.c
  gx_scroll_thumb_create.c
  gx_scroll_thumb_draw.c
  gx_scroll_thumb_event_process.c
  gx_scroll_thumb_shift_limit.c
  gx_scroll_wheel_create.c
  gx_scroll_wheel_event_process.c
  gx_scroll_wheel_gradient_alpha_set.c
  gx_scroll_wheel_row_height_set.c
  gx_scroll_wheel_scroll.c
  gx_scroll_wheel_selected_background_set.c
  gx_scroll_wheel_selected_get.c
  gx_scroll_wheel_selected_row_calculate.c
  gx_scroll_wheel_selected_set.c
  gx_scroll_wheel_speed_set.c
  gx_scroll_wheel_total_rows_set.c
  gx_single_line_text_input_backspace.c
  gx_single_line_text_input_buffer_clear.c
  gx_single_line_text_input_buffer_get.c
  gx_single_line_text_input_character_delete.c
  gx_single_line_text_input_character_insert.c
  gx_single_line_text_input_copy.c
  gx_single_line_text_input_create.c
  gx_single_line_text_input_cut.c
  gx_single_line_text_input_draw.c
  gx_single_line_text_input_draw_position_get.c
  gx_single_line_text_input_end.c
  gx_single_line_text_input_event_process.c
  gx_single_line_text_input_fill_color_set.c
  gx_single_line_text_input_home.c
  gx_single_line_text_input_keydown_process.c
  gx_single_line_text_input_left_arrow.c
  gx_single_line_text_input_mark_end.c
  gx_single_line_text_input_mark_home.c
  gx_single_line_text_input_mark_next.c
  gx_single_line_text_input_mark_previous.c
  gx_single_line_text_input_paste.c
  gx_single_line_text_input_position_get.c
  gx_single_line_text_input_position_update.c
  gx_single_line_text_input_right_arrow.c
  gx_single_line_text_input_style_add.c
  gx_single_line_text_input_style_remove.c
  gx_single_line_text_input_style_set.c
  gx_single_line_text_input_text_color_set.c
  gx_single_line_text_input_text_select.c
  gx_single_line_text_input_text_rectangle_get.c
  gx_single_line_text_input_text_set.c
  gx_slider_create.c
  gx_slider_draw.c
  gx_slider_event_process.c
  gx_slider_info_set.c
  gx_slider_needle_draw.c
  gx_slider_needle_position_get.c
  gx_slider_tickmarks_draw.c
  gx_slider_travel_get.c
  gx_slider_value_calculate.c
  gx_slider_value_set.c
  gx_sprite_create.c
  gx_sprite_current_frame_set.c
  gx_sprite_draw.c
  gx_sprite_event_process.c
  gx_sprite_frame_list_set.c
  gx_sprite_start.c
  gx_sprite_stop.c
  gx_sprite_update.c
  gx_string_scroll_wheel_create.c
  gx_string_scroll_wheel_string_id_list_set.c
  gx_string_scroll_wheel_string_list_set.c
  gx_string_scroll_wheel_text_get.c
  gx_system_active_language_set.c
  gx_system_all_canvas_dirty.c
  gx_system_all_views_free.c
  gx_system_animation_free.c
  gx_system_animation_get.c
  gx_system_bidi_text_disable.c
  gx_system_bidi_text_enable.c
  gx_system_canvas_refresh.c
  gx_system_clipboard_get.c
  gx_system_clipboard_put.c
  gx_system_dirty_list_remove.c
  gx_system_dirty_list_trim.c
  gx_system_dirty_mark.c
  gx_system_dirty_partial_add.c
  gx_system_draw_context_get.c
  gx_system_error_process.c
  gx_system_event_dispatch.c
  gx_system_event_fold.c
  gx_system_event_remove.c
  gx_system_event_send.c
  gx_system_focus_claim.c
  gx_system_font_4bpp.c
  gx_system_font_8bpp.c
  gx_system_font_mono.c
  gx_system_free_view_get.c
  gx_system_initialize.c
  gx_system_input_capture.c
  gx_system_input_release.c
  gx_system_language_table_get.c
  gx_system_language_table_set.c
  gx_system_lock.c
  gx_system_memory_allocator_set.c
  gx_system_pen_configure.c
  gx_system_pen_flick_test.c
  gx_system_pen_speed_init.c
  gx_system_pen_speed_update.c
  gx_system_private_string.c
  gx_system_root_view_add.c
  gx_system_rtos_bind.c
  gx_system_screen_stack_create.c
  gx_system_screen_stack_get.c
  gx_system_screen_stack_pop.c
  gx_system_screen_stack_push.c
  gx_system_screen_stack_reset.c
  gx_system_scroll_appearance_get.c
  gx_system_scroll_appearance_set.c
  gx_system_start.c
  gx_system_string_get.c
  gx_system_string_table_get.c
  gx_system_string_width_get.c
  gx_system_text_render_style_set.c
  gx_system_thread_entry.c
  gx_system_timer_expiration.c
  gx_system_timer_start.c
  gx_system_timer_stop.c
  gx_system_timer_update.c
  gx_system_top_root_find.c
  gx_system_top_widget_find.c
  gx_system_unlock.c
  gx_system_version_string_get.c
  gx_system_views_free.c
  gx_system_views_update.c
  gx_system_view_add.c
  gx_system_view_fold.c
  gx_system_view_split.c
  gx_system_widget_find.c
  gx_text_button_create.c
  gx_text_button_draw.c
  gx_text_button_font_set.c
  gx_text_button_text_color_set.c
  gx_text_button_text_draw.c
  gx_text_button_text_get.c
  gx_text_button_text_id_set.c
  gx_text_button_text_set.c
  gx_text_input_cursor_blink_interval_set.c
  gx_text_input_cursor_dirty_rectangle_get.c
  gx_text_input_cursor_draw.c
  gx_text_input_cursor_height_set.c
  gx_text_input_cursor_width_set.c
  gx_text_scroll_wheel_callback_set.c
  gx_text_scroll_wheel_create.c
  gx_text_scroll_wheel_draw.c
  gx_text_scroll_wheel_font_set.c
  gx_text_scroll_wheel_text_color_set.c
  gx_touch_driver_generic_resistive.c
  gx_tree_view_create.c
  gx_tree_view_draw.c
  gx_tree_view_event_process.c
  gx_tree_view_indentation_set.c
  gx_tree_view_position.c
  gx_tree_view_root_line_color_set.c
  gx_tree_view_root_pixelmap_set.c
  gx_tree_view_scroll.c
  gx_tree_view_scroll_info_get.c
  gx_tree_view_selected_get.c
  gx_tree_view_selected_set.c
  gx_utility_1555xrgb_pixelmap_resize.c
  gx_utility_1555xrgb_pixelmap_rotate.c
  gx_utility_16bpp_pixelmap_resize.c
  gx_utility_1bpp_pixelmap_resize.c
  gx_utility_1bpp_pixelmap_rotate.c
  gx_utility_32argb_pixelmap_rotate.c
  gx_utility_332rgb_pixelmap_rotate.c
  gx_utility_4444argb_pixelmap_resize.c
  gx_utility_4444argb_pixelmap_rotate.c
  gx_utility_4bpp_pixelmap_resize.c
  gx_utility_4bpp_pixelmap_rotate.c
  gx_utility_565rgb_pixelmap_rotate.c
  gx_utility_8bpp_pixelmap_rotate.c
  gx_utility_32argb_pixelmap_resize.c
  gx_utility_8bpp_pixelmap_resize.c
  gx_utility_alphamap_create.c
  gx_utility_bidi_arabic_shaping.c
  gx_utility_bidi_bracket_pair_get.c
  gx_utility_bidi_character_type_get.c
  gx_utility_bidi_mirroring_get.c
  gx_utility_bidi_paragraph_reorder.c
  gx_utility_canvas_to_bmp.c
  gx_utility_circle_point_get.c
  gx_utility_easing_function_calculate.c
  gx_utility_gradient_create.c
  gx_utility_gradient_delete.c
  gx_utility_ltoa.c
  gx_utility_math_acos.c
  gx_utility_math_asin.c
  gx_utility_math_cos.c
  gx_utility_math_sin.c
  gx_utility_math_sqrt.c
  gx_utility_pixelmap_rotate.c
  gx_utility_pixelmap_simple_rotate.c
  gx_utility_pixelmap_resize.c
  gx_utility_rectangle_center.c
  gx_utility_rectangle_center_find.c
  gx_utility_rectangle_combine.c
  gx_utility_rectangle_compare.c
  gx_utility_rectangle_define.c
  gx_utility_rectangle_inside_detect.c
  gx_utility_rectangle_overlap_detect.c
  gx_utility_rectangle_point_detect.c
  gx_utility_rectangle_resize.c
  gx_utility_rectangle_shift.c
  gx_utility_string_compare.c
  gx_utility_string_length_check.c
  gx_utility_string_to_alphamap.c
  gx_utility_unicode_to_utf8.c
  gx_utility_utf8_string_backward_character_length_get.c
  gx_utility_utf8_string_character_get.c
  gx_vertical_list_children_position.c
  gx_vertical_list_create.c
  gx_vertical_list_down_wrap.c
  gx_vertical_list_event_process.c
  gx_vertical_list_page_index_set.c
  gx_vertical_list_scroll.c
  gx_vertical_list_scroll_info_get.c
  gx_vertical_list_selected_index_get.c
  gx_vertical_list_selected_set.c
  gx_vertical_list_selected_visible.c
  gx_vertical_list_selected_widget_get.c
  gx_vertical_list_slide_back_check.c
  gx_vertical_list_total_rows_set.c
  gx_vertical_list_up_wrap.c
  gx_vertical_scrollbar_create.c
  gx_widget_allocate.c
  gx_widget_attach.c
  gx_widget_background_draw.c
  gx_widget_border_draw.c
  gx_widget_children_draw.c
  gx_widget_child_focus_assign.c
  gx_widget_client_index_get.c
  gx_widget_context_fill_set.c
  gx_widget_draw.c
  gx_widget_back_attach.c
  gx_widget_back_link.c
  gx_widget_back_move.c
  gx_widget_block_move.c
  gx_widget_border_style_set.c
  gx_widget_border_width_get.c
  gx_widget_canvas_get.c
  gx_widget_children_event_process.c
  gx_widget_child_clipping_update.c
  gx_widget_child_detect.c
  gx_widget_client_get.c
  gx_widget_clipping_update.c
  gx_widget_color_get.c
  gx_widget_create.c
  gx_widget_created_test.c
  gx_widget_delete.c
  gx_widget_detach.c
  gx_widget_draw_set.c
  gx_widget_event_generate.c
  gx_widget_event_process.c
  gx_widget_event_process_set.c
  gx_widget_event_to_parent.c
  gx_widget_fill_color_set.c
  gx_widget_find.c
  gx_widget_first_child_get.c
  gx_widget_first_client_child_get.c
  gx_widget_focus_next.c
  gx_widget_focus_previous.c
  gx_widget_font_get.c
  gx_widget_free.c
  gx_widget_front_move.c
  gx_widget_height_get.c
  gx_widget_hide.c
  gx_widget_last_child_get.c
  gx_widget_last_client_child_get.c
  gx_widget_link.c
  gx_widget_nav_order_initialize.c
  gx_widget_next_client_child_get.c
  gx_widget_next_sibling_get.c
  gx_widget_parent_get.c
  gx_widget_pixelmap_get.c
  gx_widget_previous_sibling_get.c
  gx_widget_resize.c
  gx_widget_scroll_shift.c
  gx_widget_shift.c
  gx_widget_show.c
  gx_widget_status_add.c
  gx_widget_status_get.c
  gx_widget_status_remove.c
  gx_widget_status_test.c
  gx_widget_string_get.c
  gx_widget_style_add.c
  gx_widget_style_get.c
  gx_widget_style_remove.c
  gx_widget_style_set.c
  gx_widget_text_blend.c
  gx_widget_text_draw.c
  gx_widget_text_id_draw.c
  gx_widget_top_visible_child_find.c
  gx_widget_transparent_pixelmap_detect.c
  gx_widget_type_find.c
  gx_widget_unlink.c
  gx_widget_width_get.c
  gx_window_background_draw.c
  gx_window_border_draw.c
  gx_window_client_height_get.c
  gx_window_client_scroll.c
  gx_window_client_width_get.c
  gx_window_close.c
  gx_window_create.c
  gx_window_draw.c
  gx_window_event_process.c
  gx_window_execute.c
  gx_window_root_create.c
  gx_window_root_delete.c
  gx_window_root_event_process.c
  gx_window_root_find.c
  gx_window_scroll.c
  gx_window_scrollbar_find.c
  gx_window_scroll_info_get.c
  gx_window_view_update_detect.c
  gx_window_wallpaper_get.c
  gx_window_wallpaper_set.c
  gx_win32_display_driver.c
  gx_win32_display_driver_1555xrgb.c
  gx_win32_display_driver_24xrgb.c
  gx_win32_display_driver_32argb.c
  gx_win32_display_driver_332rgb.c
  gx_win32_display_driver_4444argb.c
  gx_win32_display_driver_4bpp_grayscale.c
  gx_win32_display_driver_565bgr.c
  gx_win32_display_driver_565rgb.c
  gx_win32_display_driver_565rgb_rotated.c
  gx_win32_display_driver_8bit_palette.c
  gx_win32_display_driver_monochrome.c
  gx_chromart_simulation_display_driver_565rgb_pixelmap_draw.c
  gx_chromart_simulation_display_driver_565rgb_setup.c
  gx_win32_chromart_display_driver_565rgb.c
  guix.vcxproj -> E:\gui_apps\guix\ports\win32\build\vs_2019\Debug\gx.lib
